<?xml version="1.0" encoding="UTF-8"?>
<testng-results ignored="0" total="1" passed="1" failed="0" skipped="0">
  <reporter-output>
  </reporter-output>
  <suite started-at="2022-11-11T16:28:39 CET" name="Command line suite" finished-at="2022-11-11T16:29:16 CET" duration-ms="37245">
    <groups>
    </groups>
    <test started-at="2022-11-11T16:28:39 CET" name="Command line test" finished-at="2022-11-11T16:29:16 CET" duration-ms="37245">
      <class name="SmokeTest">
        <test-method is-config="true" signature="setUp()[pri:0, instance:SmokeTest@7d68ef40]" started-at="2022-11-11T16:28:39 CET" name="setUp" finished-at="2022-11-11T16:28:41 CET" duration-ms="2208" status="PASS">
          <reporter-output>
          </reporter-output>
        </test-method> <!-- setUp -->
        <test-method signature="smokeTest(java.util.HashMap)[pri:0, instance:SmokeTest@7d68ef40]" started-at="2022-11-11T16:28:42 CET" name="smokeTest" data-provider="getData" finished-at="2022-11-11T16:29:16 CET" duration-ms="33938" status="PASS">
          <params>
            <param index="0">
              <value>
                <![CDATA[{accountIsCreatedNote=Thank you for registering with Fake Online Clothing Store., productName=blue jacket, thankYouText=Thank you for your purchase!}]]>
              </value>
            </param>
          </params>
          <reporter-output>
          </reporter-output>
        </test-method> <!-- smokeTest -->
        <test-method is-config="true" signature="quitDriver()[pri:0, instance:SmokeTest@7d68ef40]" started-at="2022-11-11T16:29:16 CET" name="quitDriver" finished-at="2022-11-11T16:29:16 CET" duration-ms="163" status="PASS">
          <reporter-output>
          </reporter-output>
        </test-method> <!-- quitDriver -->
      </class> <!-- SmokeTest -->
    </test> <!-- Command line test -->
  </suite> <!-- Command line suite -->
</testng-results>
